Started GET "/" for ::1 at 2021-02-03 20:55:24 +0900
Processing by Rails::WelcomeController#index as HTML
  Rendering C:/Ruby26-x64/lib/ruby/gems/2.6.0/gems/railties-5.2.4.4/lib/rails/templates/rails/welcome/index.html.erb
  Rendered C:/Ruby26-x64/lib/ruby/gems/2.6.0/gems/railties-5.2.4.4/lib/rails/templates/rails/welcome/index.html.erb (16.1ms)
Completed 200 OK in 68ms (Views: 57.4ms | ActiveRecord: 0.0ms)


Started GET "/" for ::1 at 2021-02-03 21:15:25 +0900
Processing by ApplicationController#hello as HTML
  Rendering html template
  Rendered html template (0.1ms)
Completed 200 OK in 30ms (Views: 21.8ms | ActiveRecord: 0.0ms)


Started GET "/" for ::1 at 2021-02-03 21:17:01 +0900
Processing by ApplicationController#goodbay as HTML
  Rendering html template
  Rendered html template (0.0ms)
Completed 200 OK in 9ms (Views: 8.2ms | ActiveRecord: 0.0ms)


Started GET "/" for ::1 at 2021-03-28 22:39:23 +0900
Processing by ApplicationController#goodbay as HTML
  Rendering html template
  Rendered html template (0.1ms)
Completed 200 OK in 104ms (Views: 95.7ms | ActiveRecord: 0.0ms)


  [1m[35m (0.1ms)[0m  [1m[34mSELECT sqlite_version(*)[0m
  ↳ bin/rails:4
  [1m[35m (27.7ms)[0m  [1m[35mCREATE TABLE "schema_migrations" ("version" varchar NOT NULL PRIMARY KEY)[0m
  ↳ bin/rails:4
  [1m[35m (22.0ms)[0m  [1m[35mCREATE TABLE "ar_internal_metadata" ("key" varchar NOT NULL PRIMARY KEY, "value" varchar, "created_at" datetime NOT NULL, "updated_at" datetime NOT NULL)[0m
  ↳ bin/rails:4
  [1m[35m (0.4ms)[0m  [1m[34mSELECT "schema_migrations"."version" FROM "schema_migrations" ORDER BY "schema_migrations"."version" ASC[0m
  ↳ bin/rails:4
Migrating to CreatePaintings (20210328155101)
  [1m[35m (0.1ms)[0m  [1m[36mbegin transaction[0m
  ↳ bin/rails:4
  [1m[35m (0.1ms)[0m  [1m[31mrollback transaction[0m
  ↳ bin/rails:4
  [1m[35m (0.4ms)[0m  [1m[34mSELECT "schema_migrations"."version" FROM "schema_migrations" ORDER BY "schema_migrations"."version" ASC[0m
  ↳ bin/rails:4
Migrating to CreatePaintings (20210328155101)
  [1m[35m (0.1ms)[0m  [1m[36mbegin transaction[0m
  ↳ bin/rails:4
  [1m[35m (0.1ms)[0m  [1m[31mrollback transaction[0m
  ↳ bin/rails:4
  [1m[35m (0.3ms)[0m  [1m[34mSELECT "schema_migrations"."version" FROM "schema_migrations" ORDER BY "schema_migrations"."version" ASC[0m
  ↳ C:/Ruby26-x64/bin/rake:23
Migrating to CreatePaintings (20210328155101)
  [1m[35m (0.1ms)[0m  [1m[36mbegin transaction[0m
  ↳ C:/Ruby26-x64/bin/rake:23
  [1m[35m (0.1ms)[0m  [1m[31mrollback transaction[0m
  ↳ C:/Ruby26-x64/bin/rake:23
  [1m[35m (0.3ms)[0m  [1m[34mSELECT "schema_migrations"."version" FROM "schema_migrations" ORDER BY "schema_migrations"."version" ASC[0m
  ↳ bin/rails:4
Migrating to CreatePaintings (20210328161451)
  [1m[35m (0.1ms)[0m  [1m[36mbegin transaction[0m
  ↳ bin/rails:4
  [1m[35m (0.6ms)[0m  [1m[34mSELECT sqlite_version(*)[0m
  ↳ db/migrate/20210328161451_create_paintings.rb:3
  [1m[35m (4.8ms)[0m  [1m[35mCREATE TABLE "paintings" ("id" integer PRIMARY KEY AUTOINCREMENT NOT NULL, "painting_id" integer, "painting_name" varchar, "painting_image" varchar, "created_at" datetime NOT NULL, "updated_at" datetime NOT NULL)[0m
  ↳ db/migrate/20210328161451_create_paintings.rb:3
  [1m[36mActiveRecord::SchemaMigration Create (0.6ms)[0m  [1m[32mINSERT INTO "schema_migrations" ("version") VALUES (?)[0m  [["version", "20210328161451"]]
  ↳ bin/rails:4
  [1m[35m (20.7ms)[0m  [1m[36mcommit transaction[0m
  ↳ bin/rails:4
  [1m[36mActiveRecord::InternalMetadata Load (0.4ms)[0m  [1m[34mSELECT  "ar_internal_metadata".* FROM "ar_internal_metadata" WHERE "ar_internal_metadata"."key" = ? LIMIT ?[0m  [["key", "environment"], ["LIMIT", 1]]
  ↳ bin/rails:4
  [1m[35m (0.1ms)[0m  [1m[36mbegin transaction[0m
  ↳ bin/rails:4
  [1m[36mActiveRecord::InternalMetadata Create (1.3ms)[0m  [1m[32mINSERT INTO "ar_internal_metadata" ("key", "value", "created_at", "updated_at") VALUES (?, ?, ?, ?)[0m  [["key", "environment"], ["value", "development"], ["created_at", "2021-03-28 16:15:05.745162"], ["updated_at", "2021-03-28 16:15:05.745162"]]
  ↳ bin/rails:4
  [1m[35m (18.6ms)[0m  [1m[36mcommit transaction[0m
  ↳ bin/rails:4
  [1m[35m (0.3ms)[0m  [1m[34mSELECT "schema_migrations"."version" FROM "schema_migrations" ORDER BY "schema_migrations"."version" ASC[0m
  ↳ bin/rails:4
